<?xml version="1.0" encoding="UTF-8"?>
<!-- Generated by org.testng.reporters.JUnitReportReporter -->
<testsuite hostname="ivc309-8" name="test.OperatoriTest1" tests="1" failures="0" timestamp="13 Mar 2015 08:22:55 GMT" time="14.599" errors="0">
  <testcase name="testSub" time="14.599" classname="test.OperatoriTest1"/>
</testsuite> <!-- test.OperatoriTest1 -->
